<?xml version="1.0" encoding="UTF-8"?>
<testsuite name="ru.stqa.pft.addressbook.tests.HbConnectionTest" tests="1" skipped="0" failures="0" errors="0" timestamp="2020-03-21T17:15:16" hostname="DESKTOP-48TTPDL" time="0.304">
  <properties/>
  <testcase name="testHbConnection" classname="ru.stqa.pft.addressbook.tests.HbConnectionTest" time="0.304"/>
  <system-out><![CDATA[20:15:14.021 [Test worker] INFO  org.hibernate.Version - HHH000412: Hibernate ORM core version 5.4.12.Final
20:15:14.853 [Test worker] INFO  o.h.annotations.common.Version - HCANN000001: Hibernate Commons Annotations {5.1.0.Final}
20:15:15.165 [Test worker] WARN  o.hibernate.orm.connections.pooling - HHH10001002: Using Hibernate built-in connection pool (not for production use!)
20:15:15.177 [Test worker] INFO  o.hibernate.orm.connections.pooling - HHH10001005: using driver [com.mysql.cj.jdbc.Driver] at URL [jdbc:mysql://localhost:3306/addressbook?serverTimezone=UTC]
20:15:15.177 [Test worker] INFO  o.hibernate.orm.connections.pooling - HHH10001001: Connection properties: {user=root, password=}
20:15:15.177 [Test worker] INFO  o.hibernate.orm.connections.pooling - HHH10001003: Autocommit mode: false
20:15:15.185 [Test worker] INFO  o.h.e.j.c.i.DriverManagerConnectionProviderImpl - HHH000115: Hibernate connection pool size: 1 (min=1)
20:15:15.581 [Test worker] INFO  org.hibernate.dialect.Dialect - HHH000400: Using dialect: org.hibernate.dialect.MySQL5Dialect
20:15:16.793 [Test worker] INFO  org.hibernate.orm.connections.access - HHH10001501: Connection obtained from JdbcConnectionAccess [org.hibernate.engine.jdbc.env.internal.JdbcEnvironmentInitiator$ConnectionProviderJdbcConnectionAccess@2f8f68a6] for (non-JTA) DDL execution was not in auto-commit mode; the Connection 'local transaction' will be committed and the Connection will be set into auto-commit mode.
20:15:16.969 [Test worker] INFO  o.h.e.t.j.p.i.JtaPlatformInitiator - HHH000490: Using JtaPlatform implementation: [org.hibernate.engine.transaction.jta.platform.internal.NoJtaPlatform]
Hibernate: select contactdat0_.id as id1_0_, contactdat0_.home as home2_0_, contactdat0_.mobile as mobile3_0_, contactdat0_.firstname as firstnam4_0_, contactdat0_.photo as photo5_0_, contactdat0_.lastname as lastname6_0_, contactdat0_.work as work7_0_ from addressbook contactdat0_ where deprecated='0000-00-00'
ContactData{id='104', name='Elena', surname='Kulikova'}
ContactData{id='105', name='Elena', surname='Kulikova'}
ContactData{id='109', name='name 0', surname='surname 0'}
ContactData{id='110', name='name 1', surname='surname 1'}
ContactData{id='114', name='name 0', surname='surname 0'}
ContactData{id='115', name='name 1', surname='surname 1'}
]]></system-out>
  <system-err><![CDATA[]]></system-err>
</testsuite>
