<?xml version="1.0" encoding="UTF-8"?>
<testsuite name="ru.stqa.pft.addressbook.tests.ContactRemoveFromGroup" tests="1" skipped="0" failures="0" errors="0" timestamp="2020-03-29T13:51:39" hostname="DESKTOP-48TTPDL" time="2.217">
  <properties/>
  <testcase name="testContactRemoveFromGroup" classname="ru.stqa.pft.addressbook.tests.ContactRemoveFromGroup" time="2.217"/>
  <system-out><![CDATA[16:51:39.934 [Test worker] INFO  r.s.pft.addressbook.tests.TestBase - Start test testContactRemoveFromGroup with parameters []
Hibernate: select contactgro0_.group_id as group_id1_0_, contactgro0_.id as id2_0_ from address_in_groups contactgro0_
16:51:42.158 [Test worker] INFO  r.s.pft.addressbook.tests.TestBase - Stop test testContactRemoveFromGroup
]]></system-out>
  <system-err><![CDATA[]]></system-err>
</testsuite>
