<?xml version="1.0" encoding="UTF-8"?>
<testsuite name="ru.stqa.pft.addressbook.tests.ContactRemoveFromGroup" tests="1" skipped="0" failures="0" errors="0" timestamp="2020-03-29T17:10:26" hostname="DESKTOP-48TTPDL" time="11.711">
  <properties/>
  <testcase name="testContactRemoveFromGroup" classname="ru.stqa.pft.addressbook.tests.ContactRemoveFromGroup" time="11.711"/>
  <system-out><![CDATA[20:10:26.333 [Test worker] INFO  r.s.pft.addressbook.tests.TestBase - Start test testContactRemoveFromGroup with parameters []
Hibernate: select contactgro0_.group_id as group_id1_0_, contactgro0_.id as id2_0_ from address_in_groups contactgro0_
20:10:38.054 [Test worker] INFO  r.s.pft.addressbook.tests.TestBase - Stop test testContactRemoveFromGroup
]]></system-out>
  <system-err><![CDATA[]]></system-err>
</testsuite>
