<?xml version="1.0" encoding="UTF-8"?>
<testsuite name="ru.stqa.pft.addressbook.tests.GroupCreationTests" tests="1" skipped="0" failures="0" errors="0" timestamp="2020-03-07T15:57:54" hostname="DESKTOP-48TTPDL" time="1.829">
  <properties/>
  <testcase name="testGroupCreation" classname="ru.stqa.pft.addressbook.tests.GroupCreationTests" time="1.829"/>
  <system-out><![CDATA[]]></system-out>
  <system-err><![CDATA[]]></system-err>
</testsuite>
